<?xml version="1.0" encoding="UTF-8"?>
<!-- Generated by org.testng.reporters.JUnitReportReporter -->
<testsuite hostname="DESKTOP-KFK5AMQ" name="restAPI.TC02_Post" tests="1" failures="0" timestamp="17 Apr 2023 16:29:54 GMT" time="2.969" errors="0">
  <testcase name="TC01_Post_New_Data" time="2.969" classname="restAPI.TC02_Post"/>
</testsuite> <!-- restAPI.TC02_Post -->
