<?xml version="1.0" encoding="UTF-8"?>
<!-- Generated by org.testng.reporters.JUnitReportReporter -->
<testsuite hostname="DESKTOP-KFK5AMQ" name="getRequest.GetData" tests="2" failures="0" timestamp="17 Apr 2023 15:53:41 GMT" time="2.551" errors="0">
  <testcase name="TC01_Test_ResponseCode" time="2.252" classname="getRequest.GetData"/>
  <testcase name="TC02_Test_Body" time="0.299" classname="getRequest.GetData"/>
</testsuite> <!-- getRequest.GetData -->
