<?xml version="1.0" encoding="UTF-8"?>
<!-- Generated by org.testng.reporters.JUnitReportReporter -->
<testsuite hostname="DESKTOP-KFK5AMQ" name="restAPI.TC02_Put" tests="1" failures="0" timestamp="17 Apr 2023 16:30:20 GMT" time="2.820" errors="0">
  <testcase name="TC01_Post_New_Data" time="2.820" classname="restAPI.TC02_Put"/>
</testsuite> <!-- restAPI.TC02_Put -->
