<?xml version="1.0" encoding="UTF-8"?>
<!-- Generated by org.testng.reporters.JUnitReportReporter -->
<testsuite hostname="DESKTOP-KFK5AMQ" name="getRequest.TC01_GetData_Example" tests="2" failures="0" timestamp="17 Apr 2023 16:22:10 GMT" time="3.612" errors="0">
  <testcase name="TC01_Test_ResponseCode" time="2.799" classname="getRequest.TC01_GetData_Example"/>
  <testcase name="TC02_Test_Body" time="0.813" classname="getRequest.TC01_GetData_Example"/>
</testsuite> <!-- getRequest.TC01_GetData_Example -->
