<?xml version="1.0" encoding="UTF-8"?>
<!-- Generated by org.testng.reporters.JUnitReportReporter -->
<testsuite hostname="DESKTOP-KFK5AMQ" name="restAPI.TC02_Delete" tests="1" failures="0" timestamp="17 Apr 2023 16:32:27 GMT" time="2.898" errors="0">
  <testcase name="TC03_Delete_Data" time="2.898" classname="restAPI.TC02_Delete"/>
</testsuite> <!-- restAPI.TC02_Delete -->
