<?xml version="1.0" encoding="UTF-8"?>
<!-- Generated by org.testng.reporters.JUnitReportReporter -->
<testsuite hostname="DESKTOP-KFK5AMQ" name="getRequest.GetData" tests="2" failures="0" timestamp="17 Apr 2023 16:13:26 GMT" time="3.161" errors="0">
  <testcase name="TC01_Test_ResponseCode" time="2.275" classname="getRequest.GetData"/>
  <testcase name="TC02_Test_Body" time="0.886" classname="getRequest.GetData"/>
</testsuite> <!-- getRequest.GetData -->
